#
# There is insufficient memory for the Java Runtime Environment to continue.
# Native memory allocation (malloc) failed to allocate 284336 bytes for Chunk::new
# Possible reasons:
#   The system is out of physical RAM or swap space
#   The process is running with CompressedOops enabled, and the Java Heap may be blocking the growth of the native heap
# Possible solutions:
#   Reduce memory load on the system
#   Increase physical memory or swap space
#   Check if swap backing store is full
#   Decrease Java heap size (-Xmx/-Xms)
#   Decrease number of Java threads
#   Decrease Java thread stack sizes (-Xss)
#   Set larger code cache with -XX:ReservedCodeCacheSize=
#   JVM is running with Zero Based Compressed Oops mode in which the Java heap is
#     placed in the first 32GB address space. The Java Heap base address is the
#     maximum limit for the native heap growth. Please use -XX:HeapBaseMinAddress
#     to set the Java Heap base and to place the Java Heap above 32GB virtual address.
# This output file may be truncated or incomplete.
#
#  Out of Memory Error (arena.cpp:189), pid=9060, tid=38220
#
# JRE version: Java(TM) SE Runtime Environment (17.0.9+11) (build 17.0.9+11-LTS-201)
# Java VM: Java HotSpot(TM) 64-Bit Server VM (17.0.9+11-LTS-201, mixed mode, sharing, tiered, compressed oops, compressed class ptrs, g1 gc, windows-amd64)
# No core dump will be written. Minidumps are not enabled by default on client versions of Windows
#

---------------  S U M M A R Y ------------

Command Line: -Dorg.gradle.appname=gradlew org.gradle.wrapper.GradleWrapperMain -q -Ptarget-platform=android-arm64 -Ptarget=D:\PROJECTS\APP\mkulima_connect\lib\main.dart -Pbase-application-name=android.app.Application -Pdart-defines=RkxVVFRFUl9XRUJfQVVUT19ERVRFQ1Q9dHJ1ZQ==,RkxVVFRFUl9XRUJfQ0FOVkFTS0lUX1VSTD1odHRwczovL3d3dy5nc3RhdGljLmNvbS9mbHV0dGVyLWNhbnZhc2tpdC9hNzk0Y2YyNjgxYzZjOWZlN2IyNjBlMGU4NGRlOTYyOThkYzljMThiLw== -Pdart-obfuscation=false -Ptrack-widget-creation=true -Ptree-shake-icons=false -Pfilesystem-scheme=org-dartlang-root assembleRelease

Host: Intel(R) Core(TM) i5-8265U CPU @ 1.60GHz, 8 cores, 15G,  Windows 11 , 64 bit Build 22621 (10.0.22621.2506)
Time: Tue Jan 16 13:31:26 2024 E. Africa Standard Time elapsed time: 208.086808 seconds (0d 0h 3m 28s)

---------------  T H R E A D  ---------------

Current thread (0x0000019f722d8160):  JavaThread "C2 CompilerThread0" daemon [_thread_in_native, id=38220, stack(0x000000899e900000,0x000000899ea00000)]


Current CompileTask:
C2: 208086 1698 % !   4       java.io.BufferedReader::readLine @ 139 (327 bytes)

Stack: [0x000000899e900000,0x000000899ea00000]
Native frames: (J=compiled Java code, j=interpreted, Vv=VM code, C=native code)
V  [jvm.dll+0x678a4a]
V  [jvm.dll+0x7d9cfd]
V  [jvm.dll+0x7db60e]
V  [jvm.dll+0x7dbc73]
V  [jvm.dll+0x245e1f]
V  [jvm.dll+0xaaafb]
V  [jvm.dll+0xab09c]
V  [jvm.dll+0x36232f]
V  [jvm.dll+0x32ca01]
V  [jvm.dll+0x32be9a]
V  [jvm.dll+0x21812f]
V  [jvm.dll+0x217561]
V  [jvm.dll+0x1a3bc0]
V  [jvm.dll+0x2272de]
V  [jvm.dll+0x22548b]
V  [jvm.dll+0x78f58c]
V  [jvm.dll+0x78998a]
V  [jvm.dll+0x677875]
C  [ucrtbase.dll+0x29363]
C  [KERNEL32.DLL+0x1257d]
C  [ntdll.dll+0x5aa58]


---------------  P R O C E S S  ---------------

Threads class SMR info:
_java_thread_list=0x0000019f72410120, length=14, elements={
0x0000019f4f56ff00, 0x0000019f722b6fc0, 0x0000019f722b7e40, 0x0000019f722d03f0,
0x0000019f722d1cd0, 0x0000019f722d25a0, 0x0000019f722d3f70, 0x0000019f722d8160,
0x0000019f723e8140, 0x0000019f723e8b40, 0x0000019f7250d060, 0x0000019f7251b590,
0x0000019f72a5f430, 0x0000019f7280f2e0
}

Java Threads: ( => current thread )
  0x0000019f4f56ff00 JavaThread "main" [_thread_in_native, id=39840, stack(0x000000899dc00000,0x000000899dd00000)]
  0x0000019f722b6fc0 JavaThread "Reference Handler" daemon [_thread_blocked, id=23852, stack(0x000000899e300000,0x000000899e400000)]
  0x0000019f722b7e40 JavaThread "Finalizer" daemon [_thread_blocked, id=27804, stack(0x000000899e400000,0x000000899e500000)]
  0x0000019f722d03f0 JavaThread "Signal Dispatcher" daemon [_thread_blocked, id=30784, stack(0x000000899e500000,0x000000899e600000)]
  0x0000019f722d1cd0 JavaThread "Attach Listener" daemon [_thread_blocked, id=35992, stack(0x000000899e600000,0x000000899e700000)]
  0x0000019f722d25a0 JavaThread "Service Thread" daemon [_thread_blocked, id=33340, stack(0x000000899e700000,0x000000899e800000)]
  0x0000019f722d3f70 JavaThread "Monitor Deflation Thread" daemon [_thread_blocked, id=26092, stack(0x000000899e800000,0x000000899e900000)]
=>0x0000019f722d8160 JavaThread "C2 CompilerThread0" daemon [_thread_in_native, id=38220, stack(0x000000899e900000,0x000000899ea00000)]
  0x0000019f723e8140 JavaThread "C1 CompilerThread0" daemon [_thread_blocked, id=38424, stack(0x000000899ea00000,0x000000899eb00000)]
  0x0000019f723e8b40 JavaThread "Sweeper thread" daemon [_thread_blocked, id=41940, stack(0x000000899eb00000,0x000000899ec00000)]
  0x0000019f7250d060 JavaThread "Notification Thread" daemon [_thread_blocked, id=39080, stack(0x000000899ec00000,0x000000899ed00000)]
  0x0000019f7251b590 JavaThread "Common-Cleaner" daemon [_thread_blocked, id=38476, stack(0x000000899ee00000,0x000000899ef00000)]
  0x0000019f72a5f430 JavaThread "pool-1-thread-1" [_thread_blocked, id=36200, stack(0x000000899f500000,0x000000899f600000)]
  0x0000019f7280f2e0 JavaThread "DisconnectableInputStream source reader" daemon [_thread_in_native, id=2548, stack(0x000000899f600000,0x000000899f700000)]

Other Threads:
  0x0000019f722b33c0 VMThread "VM Thread" [stack: 0x000000899e200000,0x000000899e300000] [id=5340]
  0x0000019f4f612a00 WatcherThread [stack: 0x000000899ed00000,0x000000899ee00000] [id=20956]
  0x0000019f4f5db7a0 GCTaskThread "GC Thread#0" [stack: 0x000000899dd00000,0x000000899de00000] [id=12944]
  0x0000019f72ee5b30 GCTaskThread "GC Thread#1" [stack: 0x000000899f000000,0x000000899f100000] [id=32436]
  0x0000019f77066f70 GCTaskThread "GC Thread#2" [stack: 0x000000899f100000,0x000000899f200000] [id=28652]
  0x0000019f77067230 GCTaskThread "GC Thread#3" [stack: 0x000000899f200000,0x000000899f300000] [id=38472]
  0x0000019f770674f0 GCTaskThread "GC Thread#4" [stack: 0x000000899f300000,0x000000899f400000] [id=3128]
  0x0000019f771ef660 GCTaskThread "GC Thread#5" [stack: 0x000000899f400000,0x000000899f500000] [id=37744]
  0x0000019f4f5ed510 ConcurrentGCThread "G1 Main Marker" [stack: 0x000000899de00000,0x000000899df00000] [id=22732]
  0x0000019f4f5ee6c0 ConcurrentGCThread "G1 Conc#0" [stack: 0x000000899df00000,0x000000899e000000] [id=22100]
  0x0000019f7216b120 ConcurrentGCThread "G1 Refine#0" [stack: 0x000000899e000000,0x000000899e100000] [id=8568]
  0x0000019f7216bb50 ConcurrentGCThread "G1 Service" [stack: 0x000000899e100000,0x000000899e200000] [id=33940]

Threads with active compile tasks:
C2 CompilerThread0   208134 1698 % !   4       java.io.BufferedReader::readLine @ 139 (327 bytes)

VM state: not at safepoint (normal execution)

VM Mutex/Monitor currently owned by a thread: None

Heap address: 0x0000000701e00000, size: 4066 MB, Compressed Oops mode: Zero based, Oop shift amount: 3

CDS archive(s) mapped at: [0x0000019f00000000-0x0000019f00bd0000-0x0000019f00bd0000), size 12386304, SharedBaseAddress: 0x0000019f00000000, ArchiveRelocationMode: 1.
Compressed class space mapped at: 0x0000019f01000000-0x0000019f41000000, reserved size: 1073741824
Narrow klass base: 0x0000019f00000000, Narrow klass shift: 0, Narrow klass range: 0x100000000

GC Precious Log:
 CPUs: 8 total, 8 available
 Memory: 16263M
 Large Page Support: Disabled
 NUMA Support: Disabled
 Compressed Oops: Enabled (Zero based)
 Heap Region Size: 2M
 Heap Min Capacity: 8M
 Heap Initial Capacity: 256M
 Heap Max Capacity: 4066M
 Pre-touch: Disabled
 Parallel Workers: 8
 Concurrent Workers: 2
 Concurrent Refinement Workers: 8
 Periodic GC: Disabled

Heap:
 garbage-first heap   total 262144K, used 32555K [0x0000000701e00000, 0x0000000800000000)
  region size 2048K, 14 young (28672K), 2 survivors (4096K)
 Metaspace       used 9043K, committed 9280K, reserved 1114112K
  class space    used 1178K, committed 1280K, reserved 1048576K

Heap Regions: E=young(eden), S=young(survivor), O=old, HS=humongous(starts), HC=humongous(continues), CS=collection set, F=free, OA=open archive, CA=closed archive, TAMS=top-at-mark-start (previous, next)
|   0|0x0000000701e00000, 0x0000000701e00000, 0x0000000702000000|  0%| F|  |TAMS 0x0000000701e00000, 0x0000000701e00000| Untracked 
|   1|0x0000000702000000, 0x0000000702000000, 0x0000000702200000|  0%| F|  |TAMS 0x0000000702000000, 0x0000000702000000| Untracked 
|   2|0x0000000702200000, 0x0000000702400000, 0x0000000702400000|100%|HS|  |TAMS 0x0000000702200000, 0x0000000702200000| Complete 
|   3|0x0000000702400000, 0x0000000702600000, 0x0000000702600000|100%|HC|  |TAMS 0x0000000702400000, 0x0000000702400000| Complete 
|   4|0x0000000702600000, 0x00000007027cae00, 0x0000000702800000| 89%| O|  |TAMS 0x0000000702600000, 0x0000000702600000| Untracked 
|   5|0x0000000702800000, 0x0000000702800000, 0x0000000702a00000|  0%| F|  |TAMS 0x0000000702800000, 0x0000000702800000| Untracked 
|   6|0x0000000702a00000, 0x0000000702a00000, 0x0000000702c00000|  0%| F|  |TAMS 0x0000000702a00000, 0x0000000702a00000| Untracked 
|   7|0x0000000702c00000, 0x0000000702c00000, 0x0000000702e00000|  0%| F|  |TAMS 0x0000000702c00000, 0x0000000702c00000| Untracked 
|   8|0x0000000702e00000, 0x0000000702e00000, 0x0000000703000000|  0%| F|  |TAMS 0x0000000702e00000, 0x0000000702e00000| Untracked 
|   9|0x0000000703000000, 0x0000000703000000, 0x0000000703200000|  0%| F|  |TAMS 0x0000000703000000, 0x0000000703000000| Untracked 
|  10|0x0000000703200000, 0x0000000703200000, 0x0000000703400000|  0%| F|  |TAMS 0x0000000703200000, 0x0000000703200000| Untracked 
|  11|0x0000000703400000, 0x0000000703400000, 0x0000000703600000|  0%| F|  |TAMS 0x0000000703400000, 0x0000000703400000| Untracked 
|  12|0x0000000703600000, 0x0000000703600000, 0x0000000703800000|  0%| F|  |TAMS 0x0000000703600000, 0x0000000703600000| Untracked 
|  13|0x0000000703800000, 0x0000000703800000, 0x0000000703a00000|  0%| F|  |TAMS 0x0000000703800000, 0x0000000703800000| Untracked 
|  14|0x0000000703a00000, 0x0000000703a00000, 0x0000000703c00000|  0%| F|  |TAMS 0x0000000703a00000, 0x0000000703a00000| Untracked 
|  15|0x0000000703c00000, 0x0000000703c00000, 0x0000000703e00000|  0%| F|  |TAMS 0x0000000703c00000, 0x0000000703c00000| Untracked 
|  16|0x0000000703e00000, 0x0000000703e00000, 0x0000000704000000|  0%| F|  |TAMS 0x0000000703e00000, 0x0000000703e00000| Untracked 
|  17|0x0000000704000000, 0x0000000704000000, 0x0000000704200000|  0%| F|  |TAMS 0x0000000704000000, 0x0000000704000000| Untracked 
|  18|0x0000000704200000, 0x0000000704200000, 0x0000000704400000|  0%| F|  |TAMS 0x0000000704200000, 0x0000000704200000| Untracked 
|  19|0x0000000704400000, 0x0000000704400000, 0x0000000704600000|  0%| F|  |TAMS 0x0000000704400000, 0x0000000704400000| Untracked 
|  20|0x0000000704600000, 0x0000000704600000, 0x0000000704800000|  0%| F|  |TAMS 0x0000000704600000, 0x0000000704600000| Untracked 
|  21|0x0000000704800000, 0x0000000704800000, 0x0000000704a00000|  0%| F|  |TAMS 0x0000000704800000, 0x0000000704800000| Untracked 
|  22|0x0000000704a00000, 0x0000000704a00000, 0x0000000704c00000|  0%| F|  |TAMS 0x0000000704a00000, 0x0000000704a00000| Untracked 
|  23|0x0000000704c00000, 0x0000000704c00000, 0x0000000704e00000|  0%| F|  |TAMS 0x0000000704c00000, 0x0000000704c00000| Untracked 
|  24|0x0000000704e00000, 0x0000000704e00000, 0x0000000705000000|  0%| F|  |TAMS 0x0000000704e00000, 0x0000000704e00000| Untracked 
|  25|0x0000000705000000, 0x0000000705000000, 0x0000000705200000|  0%| F|  |TAMS 0x0000000705000000, 0x0000000705000000| Untracked 
|  26|0x0000000705200000, 0x0000000705200000, 0x0000000705400000|  0%| F|  |TAMS 0x0000000705200000, 0x0000000705200000| Untracked 
|  27|0x0000000705400000, 0x0000000705400000, 0x0000000705600000|  0%| F|  |TAMS 0x0000000705400000, 0x0000000705400000| Untracked 
|  28|0x0000000705600000, 0x0000000705600000, 0x0000000705800000|  0%| F|  |TAMS 0x0000000705600000, 0x0000000705600000| Untracked 
|  29|0x0000000705800000, 0x0000000705800000, 0x0000000705a00000|  0%| F|  |TAMS 0x0000000705800000, 0x0000000705800000| Untracked 
|  30|0x0000000705a00000, 0x0000000705a00000, 0x0000000705c00000|  0%| F|  |TAMS 0x0000000705a00000, 0x0000000705a00000| Untracked 
|  31|0x0000000705c00000, 0x0000000705c00000, 0x0000000705e00000|  0%| F|  |TAMS 0x0000000705c00000, 0x0000000705c00000| Untracked 
|  32|0x0000000705e00000, 0x0000000705e00000, 0x0000000706000000|  0%| F|  |TAMS 0x0000000705e00000, 0x0000000705e00000| Untracked 
|  33|0x0000000706000000, 0x0000000706000000, 0x0000000706200000|  0%| F|  |TAMS 0x0000000706000000, 0x0000000706000000| Untracked 
|  34|0x0000000706200000, 0x0000000706200000, 0x0000000706400000|  0%| F|  |TAMS 0x0000000706200000, 0x0000000706200000| Untracked 
|  35|0x0000000706400000, 0x0000000706400000, 0x0000000706600000|  0%| F|  |TAMS 0x0000000706400000, 0x0000000706400000| Untracked 
|  36|0x0000000706600000, 0x0000000706600000, 0x0000000706800000|  0%| F|  |TAMS 0x0000000706600000, 0x0000000706600000| Untracked 
|  37|0x0000000706800000, 0x0000000706800000, 0x0000000706a00000|  0%| F|  |TAMS 0x0000000706800000, 0x0000000706800000| Untracked 
|  38|0x0000000706a00000, 0x0000000706a00000, 0x0000000706c00000|  0%| F|  |TAMS 0x0000000706a00000, 0x0000000706a00000| Untracked 
|  39|0x0000000706c00000, 0x0000000706c00000, 0x0000000706e00000|  0%| F|  |TAMS 0x0000000706c00000, 0x0000000706c00000| Untracked 
|  40|0x0000000706e00000, 0x0000000706e00000, 0x0000000707000000|  0%| F|  |TAMS 0x0000000706e00000, 0x0000000706e00000| Untracked 
|  41|0x0000000707000000, 0x0000000707000000, 0x0000000707200000|  0%| F|  |TAMS 0x0000000707000000, 0x0000000707000000| Untracked 
|  42|0x0000000707200000, 0x0000000707200000, 0x0000000707400000|  0%| F|  |TAMS 0x0000000707200000, 0x0000000707200000| Untracked 
|  43|0x0000000707400000, 0x0000000707400000, 0x0000000707600000|  0%| F|  |TAMS 0x0000000707400000, 0x0000000707400000| Untracked 
|  44|0x0000000707600000, 0x0000000707600000, 0x0000000707800000|  0%| F|  |TAMS 0x0000000707600000, 0x0000000707600000| Untracked 
|  45|0x0000000707800000, 0x0000000707800000, 0x0000000707a00000|  0%| F|  |TAMS 0x0000000707800000, 0x0000000707800000| Untracked 
|  46|0x0000000707a00000, 0x0000000707a00000, 0x0000000707c00000|  0%| F|  |TAMS 0x0000000707a00000, 0x0000000707a00000| Untracked 
|  47|0x0000000707c00000, 0x0000000707c00000, 0x0000000707e00000|  0%| F|  |TAMS 0x0000000707c00000, 0x0000000707c00000| Untracked 
|  48|0x0000000707e00000, 0x0000000707e00000, 0x0000000708000000|  0%| F|  |TAMS 0x0000000707e00000, 0x0000000707e00000| Untracked 
|  49|0x0000000708000000, 0x0000000708000000, 0x0000000708200000|  0%| F|  |TAMS 0x0000000708000000, 0x0000000708000000| Untracked 
|  50|0x0000000708200000, 0x0000000708200000, 0x0000000708400000|  0%| F|  |TAMS 0x0000000708200000, 0x0000000708200000| Untracked 
|  51|0x0000000708400000, 0x0000000708400000, 0x0000000708600000|  0%| F|  |TAMS 0x0000000708400000, 0x0000000708400000| Untracked 
|  52|0x0000000708600000, 0x0000000708600000, 0x0000000708800000|  0%| F|  |TAMS 0x0000000708600000, 0x0000000708600000| Untracked 
|  53|0x0000000708800000, 0x0000000708800000, 0x0000000708a00000|  0%| F|  |TAMS 0x0000000708800000, 0x0000000708800000| Untracked 
|  54|0x0000000708a00000, 0x0000000708a00000, 0x0000000708c00000|  0%| F|  |TAMS 0x0000000708a00000, 0x0000000708a00000| Untracked 
|  55|0x0000000708c00000, 0x0000000708c00000, 0x0000000708e00000|  0%| F|  |TAMS 0x0000000708c00000, 0x0000000708c00000| Untracked 
|  56|0x0000000708e00000, 0x0000000708e00000, 0x0000000709000000|  0%| F|  |TAMS 0x0000000708e00000, 0x0000000708e00000| Untracked 
|  57|0x0000000709000000, 0x0000000709000000, 0x0000000709200000|  0%| F|  |TAMS 0x0000000709000000, 0x0000000709000000| Untracked 
|  58|0x0000000709200000, 0x0000000709200000, 0x0000000709400000|  0%| F|  |TAMS 0x0000000709200000, 0x0000000709200000| Untracked 
|  59|0x0000000709400000, 0x0000000709400000, 0x0000000709600000|  0%| F|  |TAMS 0x0000000709400000, 0x0000000709400000| Untracked 
|  60|0x0000000709600000, 0x0000000709600000, 0x0000000709800000|  0%| F|  |TAMS 0x0000000709600000, 0x0000000709600000| Untracked 
|  61|0x0000000709800000, 0x0000000709800000, 0x0000000709a00000|  0%| F|  |TAMS 0x0000000709800000, 0x0000000709800000| Untracked 
|  62|0x0000000709a00000, 0x0000000709a00000, 0x0000000709c00000|  0%| F|  |TAMS 0x0000000709a00000, 0x0000000709a00000| Untracked 
|  63|0x0000000709c00000, 0x0000000709c00000, 0x0000000709e00000|  0%| F|  |TAMS 0x0000000709c00000, 0x0000000709c00000| Untracked 
|  64|0x0000000709e00000, 0x0000000709e00000, 0x000000070a000000|  0%| F|  |TAMS 0x0000000709e00000, 0x0000000709e00000| Untracked 
|  65|0x000000070a000000, 0x000000070a000000, 0x000000070a200000|  0%| F|  |TAMS 0x000000070a000000, 0x000000070a000000| Untracked 
|  66|0x000000070a200000, 0x000000070a200000, 0x000000070a400000|  0%| F|  |TAMS 0x000000070a200000, 0x000000070a200000| Untracked 
|  67|0x000000070a400000, 0x000000070a400000, 0x000000070a600000|  0%| F|  |TAMS 0x000000070a400000, 0x000000070a400000| Untracked 
|  68|0x000000070a600000, 0x000000070a600000, 0x000000070a800000|  0%| F|  |TAMS 0x000000070a600000, 0x000000070a600000| Untracked 
|  69|0x000000070a800000, 0x000000070a800000, 0x000000070aa00000|  0%| F|  |TAMS 0x000000070a800000, 0x000000070a800000| Untracked 
|  70|0x000000070aa00000, 0x000000070aa00000, 0x000000070ac00000|  0%| F|  |TAMS 0x000000070aa00000, 0x000000070aa00000| Untracked 
|  71|0x000000070ac00000, 0x000000070ac00000, 0x000000070ae00000|  0%| F|  |TAMS 0x000000070ac00000, 0x000000070ac00000| Untracked 
|  72|0x000000070ae00000, 0x000000070ae00000, 0x000000070b000000|  0%| F|  |TAMS 0x000000070ae00000, 0x000000070ae00000| Untracked 
|  73|0x000000070b000000, 0x000000070b000000, 0x000000070b200000|  0%| F|  |TAMS 0x000000070b000000, 0x000000070b000000| Untracked 
|  74|0x000000070b200000, 0x000000070b200000, 0x000000070b400000|  0%| F|  |TAMS 0x000000070b200000, 0x000000070b200000| Untracked 
|  75|0x000000070b400000, 0x000000070b400000, 0x000000070b600000|  0%| F|  |TAMS 0x000000070b400000, 0x000000070b400000| Untracked 
|  76|0x000000070b600000, 0x000000070b600000, 0x000000070b800000|  0%| F|  |TAMS 0x000000070b600000, 0x000000070b600000| Untracked 
|  77|0x000000070b800000, 0x000000070b800000, 0x000000070ba00000|  0%| F|  |TAMS 0x000000070b800000, 0x000000070b800000| Untracked 
|  78|0x000000070ba00000, 0x000000070ba00000, 0x000000070bc00000|  0%| F|  |TAMS 0x000000070ba00000, 0x000000070ba00000| Untracked 
|  79|0x000000070bc00000, 0x000000070bc00000, 0x000000070be00000|  0%| F|  |TAMS 0x000000070bc00000, 0x000000070bc00000| Untracked 
|  80|0x000000070be00000, 0x000000070be00000, 0x000000070c000000|  0%| F|  |TAMS 0x000000070be00000, 0x000000070be00000| Untracked 
|  81|0x000000070c000000, 0x000000070c000000, 0x000000070c200000|  0%| F|  |TAMS 0x000000070c000000, 0x000000070c000000| Untracked 
|  82|0x000000070c200000, 0x000000070c200000, 0x000000070c400000|  0%| F|  |TAMS 0x000000070c200000, 0x000000070c200000| Untracked 
|  83|0x000000070c400000, 0x000000070c400000, 0x000000070c600000|  0%| F|  |TAMS 0x000000070c400000, 0x000000070c400000| Untracked 
|  84|0x000000070c600000, 0x000000070c600000, 0x000000070c800000|  0%| F|  |TAMS 0x000000070c600000, 0x000000070c600000| Untracked 
|  85|0x000000070c800000, 0x000000070c800000, 0x000000070ca00000|  0%| F|  |TAMS 0x000000070c800000, 0x000000070c800000| Untracked 
|  86|0x000000070ca00000, 0x000000070ca00000, 0x000000070cc00000|  0%| F|  |TAMS 0x000000070ca00000, 0x000000070ca00000| Untracked 
|  87|0x000000070cc00000, 0x000000070cc00000, 0x000000070ce00000|  0%| F|  |TAMS 0x000000070cc00000, 0x000000070cc00000| Untracked 
|  88|0x000000070ce00000, 0x000000070ce00000, 0x000000070d000000|  0%| F|  |TAMS 0x000000070ce00000, 0x000000070ce00000| Untracked 
|  89|0x000000070d000000, 0x000000070d000000, 0x000000070d200000|  0%| F|  |TAMS 0x000000070d000000, 0x000000070d000000| Untracked 
|  90|0x000000070d200000, 0x000000070d200000, 0x000000070d400000|  0%| F|  |TAMS 0x000000070d200000, 0x000000070d200000| Untracked 
|  91|0x000000070d400000, 0x000000070d400000, 0x000000070d600000|  0%| F|  |TAMS 0x000000070d400000, 0x000000070d400000| Untracked 
|  92|0x000000070d600000, 0x000000070d600000, 0x000000070d800000|  0%| F|  |TAMS 0x000000070d600000, 0x000000070d600000| Untracked 
|  93|0x000000070d800000, 0x000000070d800000, 0x000000070da00000|  0%| F|  |TAMS 0x000000070d800000, 0x000000070d800000| Untracked 
|  94|0x000000070da00000, 0x000000070da00000, 0x000000070dc00000|  0%| F|  |TAMS 0x000000070da00000, 0x000000070da00000| Untracked 
|  95|0x000000070dc00000, 0x000000070dc00000, 0x000000070de00000|  0%| F|  |TAMS 0x000000070dc00000, 0x000000070dc00000| Untracked 
|  96|0x000000070de00000, 0x000000070de00000, 0x000000070e000000|  0%| F|  |TAMS 0x000000070de00000, 0x000000070de00000| Untracked 
|  97|0x000000070e000000, 0x000000070e000000, 0x000000070e200000|  0%| F|  |TAMS 0x000000070e000000, 0x000000070e000000| Untracked 
|  98|0x000000070e200000, 0x000000070e200000, 0x000000070e400000|  0%| F|  |TAMS 0x000000070e200000, 0x000000070e200000| Untracked 
|  99|0x000000070e400000, 0x000000070e400000, 0x000000070e600000|  0%| F|  |TAMS 0x000000070e400000, 0x000000070e400000| Untracked 
| 100|0x000000070e600000, 0x000000070e600000, 0x000000070e800000|  0%| F|  |TAMS 0x000000070e600000, 0x000000070e600000| Untracked 
| 101|0x000000070e800000, 0x000000070e800000, 0x000000070ea00000|  0%| F|  |TAMS 0x000000070e800000, 0x000000070e800000| Untracked 
| 102|0x000000070ea00000, 0x000000070ea00000, 0x000000070ec00000|  0%| F|  |TAMS 0x000000070ea00000, 0x000000070ea00000| Untracked 
| 103|0x000000070ec00000, 0x000000070ec00000, 0x000000070ee00000|  0%| F|  |TAMS 0x000000070ec00000, 0x000000070ec00000| Untracked 
| 104|0x000000070ee00000, 0x000000070ee00000, 0x000000070f000000|  0%| F|  |TAMS 0x000000070ee00000, 0x000000070ee00000| Untracked 
| 105|0x000000070f000000, 0x000000070f000000, 0x000000070f200000|  0%| F|  |TAMS 0x000000070f000000, 0x000000070f000000| Untracked 
| 106|0x000000070f200000, 0x000000070f200000, 0x000000070f400000|  0%| F|  |TAMS 0x000000070f200000, 0x000000070f200000| Untracked 
| 107|0x000000070f400000, 0x000000070f400000, 0x000000070f600000|  0%| F|  |TAMS 0x000000070f400000, 0x000000070f400000| Untracked 
| 108|0x000000070f600000, 0x000000070f600000, 0x000000070f800000|  0%| F|  |TAMS 0x000000070f600000, 0x000000070f600000| Untracked 
| 109|0x000000070f800000, 0x000000070f800000, 0x000000070fa00000|  0%| F|  |TAMS 0x000000070f800000, 0x000000070f800000| Untracked 
| 110|0x000000070fa00000, 0x000000070fa00000, 0x000000070fc00000|  0%| F|  |TAMS 0x000000070fa00000, 0x000000070fa00000| Untracked 
| 111|0x000000070fc00000, 0x000000070fc00000, 0x000000070fe00000|  0%| F|  |TAMS 0x000000070fc00000, 0x000000070fc00000| Untracked 
| 112|0x000000070fe00000, 0x000000070fe00000, 0x0000000710000000|  0%| F|  |TAMS 0x000000070fe00000, 0x000000070fe00000| Untracked 
| 113|0x0000000710000000, 0x0000000710000000, 0x0000000710200000|  0%| F|  |TAMS 0x0000000710000000, 0x0000000710000000| Untracked 
| 114|0x0000000710200000, 0x000000071027b720, 0x0000000710400000| 24%| E|  |TAMS 0x0000000710200000, 0x0000000710200000| Complete 
| 115|0x0000000710400000, 0x0000000710600000, 0x0000000710600000|100%| S|CS|TAMS 0x0000000710400000, 0x0000000710400000| Complete 
| 116|0x0000000710600000, 0x0000000710800000, 0x0000000710800000|100%| S|CS|TAMS 0x0000000710600000, 0x0000000710600000| Complete 
| 117|0x0000000710800000, 0x0000000710a00000, 0x0000000710a00000|100%| E|CS|TAMS 0x0000000710800000, 0x0000000710800000| Complete 
| 118|0x0000000710a00000, 0x0000000710c00000, 0x0000000710c00000|100%| E|CS|TAMS 0x0000000710a00000, 0x0000000710a00000| Complete 
| 119|0x0000000710c00000, 0x0000000710e00000, 0x0000000710e00000|100%| E|CS|TAMS 0x0000000710c00000, 0x0000000710c00000| Complete 
| 120|0x0000000710e00000, 0x0000000711000000, 0x0000000711000000|100%| E|CS|TAMS 0x0000000710e00000, 0x0000000710e00000| Complete 
| 121|0x0000000711000000, 0x0000000711200000, 0x0000000711200000|100%| E|CS|TAMS 0x0000000711000000, 0x0000000711000000| Complete 
| 122|0x0000000711200000, 0x0000000711400000, 0x0000000711400000|100%| E|CS|TAMS 0x0000000711200000, 0x0000000711200000| Complete 
| 123|0x0000000711400000, 0x0000000711600000, 0x0000000711600000|100%| E|CS|TAMS 0x0000000711400000, 0x0000000711400000| Complete 
| 124|0x0000000711600000, 0x0000000711800000, 0x0000000711800000|100%| E|CS|TAMS 0x0000000711600000, 0x0000000711600000| Complete 
| 125|0x0000000711800000, 0x0000000711a00000, 0x0000000711a00000|100%| E|CS|TAMS 0x0000000711800000, 0x0000000711800000| Complete 
| 126|0x0000000711a00000, 0x0000000711c00000, 0x0000000711c00000|100%| E|CS|TAMS 0x0000000711a00000, 0x0000000711a00000| Complete 
| 127|0x0000000711c00000, 0x0000000711e00000, 0x0000000711e00000|100%| E|CS|TAMS 0x0000000711c00000, 0x0000000711c00000| Complete 

Card table byte_map: [0x0000019f66940000,0x0000019f67140000] _byte_map_base: 0x0000019f63131000

Marking Bits (Prev, Next): (CMBitMap*) 0x0000019f4f5dbdc0, (CMBitMap*) 0x0000019f4f5dbe00
 Prev Bits: [0x0000019f67940000, 0x0000019f6b8c8000)
 Next Bits: [0x0000019f6b8d0000, 0x0000019f6f858000)

Polling page: 0x0000019f4d530000

Metaspace:

Usage:
  Non-class:      7.68 MB used.
      Class:      1.15 MB used.
       Both:      8.83 MB used.

Virtual space:
  Non-class space:       64.00 MB reserved,       7.81 MB ( 12%) committed,  1 nodes.
      Class space:        1.00 GB reserved,       1.25 MB ( <1%) committed,  1 nodes.
             Both:        1.06 GB reserved,       9.06 MB ( <1%) committed. 

Chunk freelists:
   Non-Class:  8.17 MB
       Class:  14.63 MB
        Both:  22.80 MB

MaxMetaspaceSize: unlimited
CompressedClassSpaceSize: 1.00 GB
Initial GC threshold: 21.00 MB
Current GC threshold: 21.00 MB
CDS: on
MetaspaceReclaimPolicy: balanced
 - commit_granule_bytes: 65536.
 - commit_granule_words: 8192.
 - virtual_space_node_default_size: 8388608.
 - enlarge_chunks_in_place: 1.
 - new_chunks_are_fully_committed: 0.
 - uncommit_free_chunks: 1.
 - use_allocation_guard: 0.
 - handle_deallocations: 1.


Internal statistics:

num_allocs_failed_limit: 0.
num_arena_births: 92.
num_arena_deaths: 0.
num_vsnodes_births: 2.
num_vsnodes_deaths: 0.
num_space_committed: 145.
num_space_uncommitted: 0.
num_chunks_returned_to_freelist: 0.
num_chunks_taken_from_freelist: 316.
num_chunk_merges: 0.
num_chunk_splits: 219.
num_chunks_enlarged: 179.
num_inconsistent_stats: 0.

CodeHeap 'non-profiled nmethods': size=120000Kb used=619Kb max_used=619Kb free=119380Kb
 bounds [0x0000019f5e8e0000, 0x0000019f5eb50000, 0x0000019f65e10000]
CodeHeap 'profiled nmethods': size=120000Kb used=3369Kb max_used=3369Kb free=116630Kb
 bounds [0x0000019f56e10000, 0x0000019f57160000, 0x0000019f5e340000]
CodeHeap 'non-nmethods': size=5760Kb used=1173Kb max_used=1200Kb free=4586Kb
 bounds [0x0000019f5e340000, 0x0000019f5e5b0000, 0x0000019f5e8e0000]
 total_blobs=2193 nmethods=1722 adapters=384
 compilation: enabled
              stopped_count=0, restarted_count=0
 full_count=0

Compilation events (20 events):
Event: 208.072 Thread 0x0000019f723e8140 1715       3       org.gradle.internal.logging.text.AbstractLineChoppingStyledTextOutput$SeenFromEol::all (18 bytes)
Event: 208.072 Thread 0x0000019f723e8140 nmethod 1715 0x0000019f57156910 code [0x0000019f57156aa0, 0x0000019f57156c18]
Event: 208.072 Thread 0x0000019f723e8140 1716       3       org.gradle.internal.logging.text.AbstractLineChoppingStyledTextOutput$SeenFromEol::none (13 bytes)
Event: 208.072 Thread 0x0000019f723e8140 nmethod 1716 0x0000019f57156d10 code [0x0000019f57156ea0, 0x0000019f57157018]
Event: 208.072 Thread 0x0000019f723e8140 1717       3       org.gradle.internal.logging.text.AbstractLineChoppingStyledTextOutput::access$800 (4 bytes)
Event: 208.072 Thread 0x0000019f723e8140 nmethod 1717 0x0000019f57157090 code [0x0000019f57157220, 0x0000019f57157318]
Event: 208.072 Thread 0x0000019f723e8140 1718       3       org.gradle.internal.logging.text.AbstractLineChoppingStyledTextOutput$2::execute (9 bytes)
Event: 208.072 Thread 0x0000019f723e8140 nmethod 1718 0x0000019f57157390 code [0x0000019f57157540, 0x0000019f57157768]
Event: 208.073 Thread 0x0000019f723e8140 1719       3       org.gradle.internal.logging.text.AbstractLineChoppingStyledTextOutput$2::execute (77 bytes)
Event: 208.074 Thread 0x0000019f723e8140 nmethod 1719 0x0000019f57157810 code [0x0000019f57157ac0, 0x0000019f571587c8]
Event: 208.074 Thread 0x0000019f723e8140 1720       3       org.gradle.internal.logging.text.AbstractLineChoppingStyledTextOutput::access$900 (4 bytes)
Event: 208.074 Thread 0x0000019f723e8140 nmethod 1720 0x0000019f57158d90 code [0x0000019f57158f20, 0x0000019f57159018]
Event: 208.074 Thread 0x0000019f723e8140 1721       3       org.gradle.internal.logging.text.AbstractLineChoppingStyledTextOutput$StateContext::next (11 bytes)
Event: 208.074 Thread 0x0000019f723e8140 nmethod 1721 0x0000019f57159090 code [0x0000019f57159220, 0x0000019f57159338]
Event: 208.074 Thread 0x0000019f723e8140 1712       3       java.nio.ByteBuffer::arrayOffset (35 bytes)
Event: 208.074 Thread 0x0000019f723e8140 nmethod 1712 0x0000019f57159410 code [0x0000019f571595e0, 0x0000019f571598b8]
Event: 208.081 Thread 0x0000019f723e8140 1722       3       java.nio.Buffer::limit (65 bytes)
Event: 208.081 Thread 0x0000019f723e8140 nmethod 1722 0x0000019f57159a10 code [0x0000019f57159bc0, 0x0000019f57159e88]
Event: 208.082 Thread 0x0000019f723e8140 1723       3       java.nio.CharBuffer::arrayOffset (35 bytes)
Event: 208.082 Thread 0x0000019f723e8140 nmethod 1723 0x0000019f57159f90 code [0x0000019f5715a160, 0x0000019f5715a438]

GC Heap History (2 events):
Event: 1.415 GC heap before
{Heap before GC invocations=0 (full 0):
 garbage-first heap   total 262144K, used 30720K [0x0000000701e00000, 0x0000000800000000)
  region size 2048K, 11 young (22528K), 0 survivors (0K)
 Metaspace       used 3540K, committed 3712K, reserved 1114112K
  class space    used 437K, committed 512K, reserved 1048576K
}
Event: 1.447 GC heap after
{Heap after GC invocations=1 (full 0):
 garbage-first heap   total 262144K, used 10027K [0x0000000701e00000, 0x0000000800000000)
  region size 2048K, 2 young (4096K), 2 survivors (4096K)
 Metaspace       used 3540K, committed 3712K, reserved 1114112K
  class space    used 437K, committed 512K, reserved 1048576K
}

Deoptimization events (20 events):
Event: 7.050 Thread 0x0000019f77122140 Uncommon trap: trap_request=0xffffff45 fr.pc=0x0000019f5e91815c relative=0x000000000000005c
Event: 7.050 Thread 0x0000019f77122140 Uncommon trap: reason=unstable_if action=reinterpret pc=0x0000019f5e91815c method=java.lang.AbstractStringBuilder.isLatin1()Z @ 10 c2
Event: 7.050 Thread 0x0000019f77122140 DEOPT PACKING pc=0x0000019f5e91815c sp=0x000000899effe840
Event: 7.050 Thread 0x0000019f77122140 DEOPT UNPACKING pc=0x0000019f5e3923a3 sp=0x000000899effe7d0 mode 2
Event: 7.050 Thread 0x0000019f77122140 Uncommon trap: trap_request=0xffffff45 fr.pc=0x0000019f5e945c20 relative=0x0000000000000400
Event: 7.050 Thread 0x0000019f77122140 Uncommon trap: reason=unstable_if action=reinterpret pc=0x0000019f5e945c20 method=java.lang.AbstractStringBuilder.isLatin1()Z @ 10 c2
Event: 7.050 Thread 0x0000019f77122140 DEOPT PACKING pc=0x0000019f5e945c20 sp=0x000000899effea50
Event: 7.050 Thread 0x0000019f77122140 DEOPT UNPACKING pc=0x0000019f5e3923a3 sp=0x000000899effe9d0 mode 2
Event: 12.562 Thread 0x0000019f77119d10 Uncommon trap: trap_request=0xffffffde fr.pc=0x0000019f5e93bf20 relative=0x0000000000001260
Event: 12.562 Thread 0x0000019f77119d10 Uncommon trap: reason=class_check action=maybe_recompile pc=0x0000019f5e93bf20 method=java.util.concurrent.ConcurrentHashMap.putVal(Ljava/lang/Object;Ljava/lang/Object;Z)Ljava/lang/Object; @ 242 c2
Event: 12.563 Thread 0x0000019f77119d10 DEOPT PACKING pc=0x0000019f5e93bf20 sp=0x000000899f7fe470
Event: 12.563 Thread 0x0000019f77119d10 DEOPT UNPACKING pc=0x0000019f5e3923a3 sp=0x000000899f7fe3e0 mode 2
Event: 208.038 Thread 0x0000019f4f56ff00 Uncommon trap: trap_request=0xffffff45 fr.pc=0x0000019f5e976388 relative=0x0000000000000348
Event: 208.038 Thread 0x0000019f4f56ff00 Uncommon trap: reason=unstable_if action=reinterpret pc=0x0000019f5e976388 method=com.esotericsoftware.kryo.io.Input.require(I)I @ 180 c2
Event: 208.038 Thread 0x0000019f4f56ff00 DEOPT PACKING pc=0x0000019f5e976388 sp=0x000000899dcfcbf0
Event: 208.038 Thread 0x0000019f4f56ff00 DEOPT UNPACKING pc=0x0000019f5e3923a3 sp=0x000000899dcfca48 mode 2
Event: 208.064 Thread 0x0000019f4f56ff00 Uncommon trap: trap_request=0xffffff45 fr.pc=0x0000019f5e958710 relative=0x00000000000001f0
Event: 208.064 Thread 0x0000019f4f56ff00 Uncommon trap: reason=unstable_if action=reinterpret pc=0x0000019f5e958710 method=java.net.URI$Parser.scan(IILjava/lang/String;)I @ 26 c2
Event: 208.064 Thread 0x0000019f4f56ff00 DEOPT PACKING pc=0x0000019f5e958710 sp=0x000000899dcfcaf0
Event: 208.064 Thread 0x0000019f4f56ff00 DEOPT UNPACKING pc=0x0000019f5e3923a3 sp=0x000000899dcfca80 mode 2

Classes unloaded (0 events):
No events

Classes redefined (0 events):
No events

Internal exceptions (20 events):
Event: 1.476 Thread 0x0000019f4f56ff00 Exception <a 'java/lang/NoSuchMethodError'{0x0000000711c6e628}: 'int java.lang.invoke.DirectMethodHandle$Holder.invokeSpecial(java.lang.Object, java.lang.Object, java.lang.Object)'> (0x0000000711c6e628) 
thrown [s\open\src\hotspot\share\interpreter\linkResolver.cpp, line 759]
Event: 1.482 Thread 0x0000019f4f56ff00 Exception <a 'java/lang/NoSuchMethodError'{0x0000000711cbf0d0}: 'java.lang.Object java.lang.invoke.Invokers$Holder.invokeExact_MT(java.lang.Object, java.lang.Object, java.lang.Object, java.lang.Object)'> (0x0000000711cbf0d0) 
thrown [s\open\src\hotspot\share\interpreter\linkResolver.cpp, line 759]
Event: 1.662 Thread 0x0000019f4f56ff00 Exception <a 'java/lang/NoSuchMethodError'{0x00000007118d1980}: 'java.lang.Object java.lang.invoke.DirectMethodHandle$Holder.invokeInterface(java.lang.Object, java.lang.Object, java.lang.Object)'> (0x00000007118d1980) 
thrown [s\open\src\hotspot\share\interpreter\linkResolver.cpp, line 759]
Event: 1.671 Thread 0x0000019f4f56ff00 Exception <a 'java/lang/NoSuchMethodError'{0x00000007118f33e8}: 'void java.lang.invoke.DirectMethodHandle$Holder.invokeSpecial(java.lang.Object, java.lang.Object, java.lang.Object)'> (0x00000007118f33e8) 
thrown [s\open\src\hotspot\share\interpreter\linkResolver.cpp, line 759]
Event: 1.700 Thread 0x0000019f4f56ff00 Implicit null exception at 0x0000019f5e92b88f to 0x0000019f5e92bd04
Event: 1.701 Thread 0x0000019f4f56ff00 Implicit null exception at 0x0000019f5e92048f to 0x0000019f5e9208d8
Event: 1.745 Thread 0x0000019f4f56ff00 Exception <a 'java/lang/NoSuchMethodError'{0x0000000711692388}: 'java.lang.Object java.lang.invoke.DirectMethodHandle$Holder.invokeStaticInit(java.lang.Object)'> (0x0000000711692388) 
thrown [s\open\src\hotspot\share\interpreter\linkResolver.cpp, line 759]
Event: 2.150 Thread 0x0000019f4f56ff00 Exception <a 'java/lang/NoSuchMethodError'{0x0000000711286490}: 'java.lang.Object java.lang.invoke.DirectMethodHandle$Holder.invokeStaticInit(java.lang.Object, int, int, int, int)'> (0x0000000711286490) 
thrown [s\open\src\hotspot\share\interpreter\linkResolver.cpp, line 759]
Event: 2.363 Thread 0x0000019f4f56ff00 Exception <a 'java/lang/NoSuchMethodError'{0x00000007113311b8}: 'java.lang.Object java.lang.invoke.DirectMethodHandle$Holder.invokeStaticInit(java.lang.Object, java.lang.Object, int, int, int, int)'> (0x00000007113311b8) 
thrown [s\open\src\hotspot\share\interpreter\linkResolver.cpp, line 759]
Event: 3.446 Thread 0x0000019f4f56ff00 Exception <a 'java/lang/NoSuchMethodError'{0x0000000711360d50}: 'void java.lang.invoke.DirectMethodHandle$Holder.invokeStatic(java.lang.Object, java.lang.Object, java.lang.Object)'> (0x0000000711360d50) 
thrown [s\open\src\hotspot\share\interpreter\linkResolver.cpp, line 759]
Event: 3.485 Thread 0x0000019f4f56ff00 Implicit null exception at 0x0000019f5e918472 to 0x0000019f5e918acc
Event: 3.486 Thread 0x0000019f4f56ff00 Implicit null exception at 0x0000019f5e91ebf2 to 0x0000019f5e91f24c
Event: 6.982 Thread 0x0000019f77122140 Exception <a 'java/lang/NoSuchMethodError'{0x0000000710a85418}: 'void java.lang.invoke.DirectMethodHandle$Holder.invokeStatic(java.lang.Object, long)'> (0x0000000710a85418) 
thrown [s\open\src\hotspot\share\interpreter\linkResolver.cpp, line 759]
Event: 6.984 Thread 0x0000019f77122140 Exception <a 'java/lang/NoSuchMethodError'{0x0000000710a8aac8}: 'java.lang.Object java.lang.invoke.DirectMethodHandle$Holder.newInvokeSpecial(java.lang.Object, long)'> (0x0000000710a8aac8) 
thrown [s\open\src\hotspot\share\interpreter\linkResolver.cpp, line 759]
Event: 6.991 Thread 0x0000019f77122140 Exception <a 'java/lang/NoSuchMethodError'{0x0000000710a95670}: 'java.lang.Object java.lang.invoke.DirectMethodHandle$Holder.invokeStaticInit(java.lang.Object, java.lang.Object, long, java.lang.Object)'> (0x0000000710a95670) 
thrown [s\open\src\hotspot\share\interpreter\linkResolver.cpp, line 759]
Event: 6.997 Thread 0x0000019f77122140 Exception <a 'java/lang/NoSuchMethodError'{0x0000000710a9bcf8}: 'java.lang.Object java.lang.invoke.DirectMethodHandle$Holder.newInvokeSpecial(java.lang.Object, java.lang.Object, long)'> (0x0000000710a9bcf8) 
thrown [s\open\src\hotspot\share\interpreter\linkResolver.cpp, line 759]
Event: 6.998 Thread 0x0000019f77122140 Exception <a 'java/lang/NoSuchMethodError'{0x0000000710a9ffe8}: 'java.lang.Object java.lang.invoke.Invokers$Holder.linkToTargetMethod(java.lang.Object, long, java.lang.Object)'> (0x0000000710a9ffe8) 
thrown [s\open\src\hotspot\share\interpreter\linkResolver.cpp, line 759]
Event: 208.035 Thread 0x0000019f4f56ff00 Exception <a 'sun/net/ConnectionResetException'{0x00000007109bd1d8}: Connection reset> (0x00000007109bd1d8) 
thrown [s\open\src\hotspot\share\prims\jni.cpp, line 535]
Event: 208.061 Thread 0x0000019f4f56ff00 Exception <a 'java/lang/NoSuchMethodError'{0x00000007102000c0}: 'int java.lang.invoke.DirectMethodHandle$Holder.invokeVirtual(java.lang.Object, java.lang.Object)'> (0x00000007102000c0) 
thrown [s\open\src\hotspot\share\interpreter\linkResolver.cpp, line 759]
Event: 208.065 Thread 0x0000019f7280f7c0 Exception <a 'java/io/IOException'{0x00000007108f85d0}: Connection reset by peer> (0x00000007108f85d0) 
thrown [s\open\src\hotspot\share\prims\jni.cpp, line 535]

VM Operations (20 events):
Event: 76.173 Executing VM operation: Cleanup
Event: 76.173 Executing VM operation: Cleanup done
Event: 78.189 Executing VM operation: Cleanup
Event: 78.189 Executing VM operation: Cleanup done
Event: 79.191 Executing VM operation: Cleanup
Event: 79.192 Executing VM operation: Cleanup done
Event: 81.194 Executing VM operation: Cleanup
Event: 81.194 Executing VM operation: Cleanup done
Event: 82.198 Executing VM operation: Cleanup
Event: 82.198 Executing VM operation: Cleanup done
Event: 83.202 Executing VM operation: Cleanup
Event: 83.202 Executing VM operation: Cleanup done
Event: 133.753 Executing VM operation: Cleanup
Event: 133.754 Executing VM operation: Cleanup done
Event: 161.967 Executing VM operation: Cleanup
Event: 161.967 Executing VM operation: Cleanup done
Event: 175.066 Executing VM operation: Cleanup
Event: 175.066 Executing VM operation: Cleanup done
Event: 181.142 Executing VM operation: Cleanup
Event: 181.142 Executing VM operation: Cleanup done

Events (20 events):
Event: 29.189 loading class jdk/internal/reflect/ClassFileAssembler done
Event: 29.189 loading class jdk/internal/reflect/UTF8
Event: 29.189 loading class jdk/internal/reflect/UTF8 done
Event: 29.190 loading class jdk/internal/reflect/Label
Event: 29.191 loading class jdk/internal/reflect/Label done
Event: 29.191 loading class jdk/internal/reflect/Label$PatchInfo
Event: 29.191 loading class jdk/internal/reflect/Label$PatchInfo done
Event: 29.191 loading class jdk/internal/reflect/MethodAccessorGenerator$1
Event: 29.191 loading class jdk/internal/reflect/MethodAccessorGenerator$1 done
Event: 29.191 loading class jdk/internal/reflect/ClassDefiner
Event: 29.191 loading class jdk/internal/reflect/ClassDefiner done
Event: 29.191 loading class jdk/internal/reflect/ClassDefiner$1
Event: 29.191 loading class jdk/internal/reflect/ClassDefiner$1 done
Event: 80.349 loading class jdk/internal/misc/ScopedMemoryAccess$Scope
Event: 80.350 loading class jdk/internal/misc/ScopedMemoryAccess$Scope done
Event: 208.035 loading class sun/net/ConnectionResetException
Event: 208.035 loading class sun/net/ConnectionResetException done
Event: 208.066 Thread 0x0000019f7280f7c0 Thread exited: 0x0000019f7280f7c0
Event: 208.068 loading class java/util/concurrent/ConcurrentLinkedQueue$Itr
Event: 208.068 loading class java/util/concurrent/ConcurrentLinkedQueue$Itr done


Dynamic libraries:
0x00007ff772b50000 - 0x00007ff772b60000 	C:\Program Files\Java\jdk-17\bin\java.exe
0x00007ffec0b30000 - 0x00007ffec0d47000 	C:\WINDOWS\SYSTEM32\ntdll.dll
0x00007ffebf3e0000 - 0x00007ffebf4a4000 	C:\WINDOWS\System32\KERNEL32.DLL
0x00007ffebe330000 - 0x00007ffebe6d6000 	C:\WINDOWS\System32\KERNELBASE.dll
0x00007ffebdea0000 - 0x00007ffebdfb1000 	C:\WINDOWS\System32\ucrtbase.dll
0x00007ffe81280000 - 0x00007ffe81299000 	C:\Program Files\Java\jdk-17\bin\jli.dll
0x00007ffe56b50000 - 0x00007ffe56b6b000 	C:\Program Files\Java\jdk-17\bin\VCRUNTIME140.dll
0x00007ffebf770000 - 0x00007ffebf821000 	C:\WINDOWS\System32\ADVAPI32.dll
0x00007ffec01a0000 - 0x00007ffec0247000 	C:\WINDOWS\System32\msvcrt.dll
0x00007ffebff00000 - 0x00007ffebffa5000 	C:\WINDOWS\System32\sechost.dll
0x00007ffebf830000 - 0x00007ffebf947000 	C:\WINDOWS\System32\RPCRT4.dll
0x00007ffebf510000 - 0x00007ffebf6be000 	C:\WINDOWS\System32\USER32.dll
0x00007ffebde70000 - 0x00007ffebde96000 	C:\WINDOWS\System32\win32u.dll
0x00007ffe9bc50000 - 0x00007ffe9bee3000 	C:\WINDOWS\WinSxS\amd64_microsoft.windows.common-controls_6595b64144ccf1df_6.0.22621.2506_none_270c5ae97388e100\COMCTL32.dll
0x00007ffebe910000 - 0x00007ffebe939000 	C:\WINDOWS\System32\GDI32.dll
0x00007ffebe150000 - 0x00007ffebe268000 	C:\WINDOWS\System32\gdi32full.dll
0x00007ffebe040000 - 0x00007ffebe0da000 	C:\WINDOWS\System32\msvcp_win.dll
0x00007ffeb4a80000 - 0x00007ffeb4a8a000 	C:\WINDOWS\SYSTEM32\VERSION.dll
0x00007ffebfec0000 - 0x00007ffebfef1000 	C:\WINDOWS\System32\IMM32.DLL
0x00007ffea2c70000 - 0x00007ffea2c7c000 	C:\Program Files\Java\jdk-17\bin\vcruntime140_1.dll
0x00007ffe55ba0000 - 0x00007ffe55c2e000 	C:\Program Files\Java\jdk-17\bin\msvcp140.dll
0x00007ffe54ce0000 - 0x00007ffe558c1000 	C:\Program Files\Java\jdk-17\bin\server\jvm.dll
0x00007ffec0090000 - 0x00007ffec0098000 	C:\WINDOWS\System32\PSAPI.DLL
0x00007ffe9b9f0000 - 0x00007ffe9b9f9000 	C:\WINDOWS\SYSTEM32\WSOCK32.dll
0x00007ffebe940000 - 0x00007ffebe9b1000 	C:\WINDOWS\System32\WS2_32.dll
0x00007ffeb5b20000 - 0x00007ffeb5b54000 	C:\WINDOWS\SYSTEM32\WINMM.dll
0x00007ffebcea0000 - 0x00007ffebceb8000 	C:\WINDOWS\SYSTEM32\kernel.appcore.dll
0x00007ffe9b0f0000 - 0x00007ffe9b0fa000 	C:\Program Files\Java\jdk-17\bin\jimage.dll
0x00007ffeb37b0000 - 0x00007ffeb39e3000 	C:\WINDOWS\SYSTEM32\DBGHELP.DLL
0x00007ffebeeb0000 - 0x00007ffebf239000 	C:\WINDOWS\System32\combase.dll
0x00007ffebffb0000 - 0x00007ffec0087000 	C:\WINDOWS\System32\OLEAUT32.dll
0x00007ffea09d0000 - 0x00007ffea0a02000 	C:\WINDOWS\SYSTEM32\dbgcore.DLL
0x00007ffebdfc0000 - 0x00007ffebe03a000 	C:\WINDOWS\System32\bcryptPrimitives.dll
0x00007ffe812a0000 - 0x00007ffe812c5000 	C:\Program Files\Java\jdk-17\bin\java.dll
0x00007ffe55ac0000 - 0x00007ffe55b97000 	C:\Program Files\Java\jdk-17\bin\jsvml.dll
0x00007ffec0260000 - 0x00007ffec0aba000 	C:\WINDOWS\System32\SHELL32.dll
0x00007ffebbd40000 - 0x00007ffebc636000 	C:\WINDOWS\SYSTEM32\windows.storage.dll
0x00007ffebbc00000 - 0x00007ffebbd3e000 	C:\WINDOWS\SYSTEM32\wintypes.dll
0x00007ffebfb70000 - 0x00007ffebfc63000 	C:\WINDOWS\System32\SHCORE.dll
0x00007ffebf4b0000 - 0x00007ffebf50e000 	C:\WINDOWS\System32\shlwapi.dll
0x00007ffebdda0000 - 0x00007ffebddc6000 	C:\WINDOWS\SYSTEM32\profapi.dll
0x00007ffe56770000 - 0x00007ffe56789000 	C:\Program Files\Java\jdk-17\bin\net.dll
0x00007ffeb4920000 - 0x00007ffeb4a57000 	C:\WINDOWS\SYSTEM32\WINHTTP.dll
0x00007ffebd390000 - 0x00007ffebd3f9000 	C:\WINDOWS\system32\mswsock.dll
0x00007ffe55aa0000 - 0x00007ffe55ab6000 	C:\Program Files\Java\jdk-17\bin\nio.dll
0x00007ffe55a80000 - 0x00007ffe55a98000 	C:\Program Files\Java\jdk-17\bin\zip.dll
0x00007ffeb5d00000 - 0x00007ffeb5d10000 	C:\Program Files\Java\jdk-17\bin\verify.dll
0x00007ffe84770000 - 0x00007ffe84797000 	C:\Users\Mwakalikamo\.gradle\native\e1d6ef7f7dcc3fd88c89a11ec53ec762bb8ba0a96d01ffa2cd45eb1d1d8dd5c5\windows-amd64\native-platform.dll
0x00007ffe97a40000 - 0x00007ffe97a4a000 	C:\Program Files\Java\jdk-17\bin\management.dll
0x00007ffe92a40000 - 0x00007ffe92a4b000 	C:\Program Files\Java\jdk-17\bin\management_ext.dll
0x00007ffebd6e0000 - 0x00007ffebd6fb000 	C:\WINDOWS\SYSTEM32\CRYPTSP.dll
0x00007ffebce00000 - 0x00007ffebce35000 	C:\WINDOWS\system32\rsaenh.dll
0x00007ffebd430000 - 0x00007ffebd45c000 	C:\WINDOWS\SYSTEM32\USERENV.dll
0x00007ffebd820000 - 0x00007ffebd848000 	C:\WINDOWS\SYSTEM32\bcrypt.dll
0x00007ffebd6c0000 - 0x00007ffebd6cc000 	C:\WINDOWS\SYSTEM32\CRYPTBASE.dll
0x00007ffebc8a0000 - 0x00007ffebc8cd000 	C:\WINDOWS\SYSTEM32\IPHLPAPI.DLL
0x00007ffebf240000 - 0x00007ffebf249000 	C:\WINDOWS\System32\NSI.dll
0x00007ffeb4a90000 - 0x00007ffeb4aa9000 	C:\WINDOWS\SYSTEM32\dhcpcsvc6.DLL
0x00007ffeb46d0000 - 0x00007ffeb46ef000 	C:\WINDOWS\SYSTEM32\dhcpcsvc.DLL
0x00007ffebc910000 - 0x00007ffebca09000 	C:\WINDOWS\SYSTEM32\DNSAPI.dll
0x00007ffe92960000 - 0x00007ffe9296e000 	C:\Program Files\Java\jdk-17\bin\sunmscapi.dll
0x00007ffebe6e0000 - 0x00007ffebe846000 	C:\WINDOWS\System32\CRYPT32.dll
0x00007ffebd7f0000 - 0x00007ffebd81d000 	C:\WINDOWS\SYSTEM32\ncrypt.dll
0x00007ffebd7b0000 - 0x00007ffebd7e7000 	C:\WINDOWS\SYSTEM32\NTASN1.dll
0x00007ffe9bf50000 - 0x00007ffe9bf58000 	C:\WINDOWS\system32\wshunix.dll

dbghelp: loaded successfully - version: 4.0.5 - missing functions: none
symbol engine: initialized successfully - sym options: 0x614 - pdb path: .;C:\Program Files\Java\jdk-17\bin;C:\WINDOWS\SYSTEM32;C:\WINDOWS\WinSxS\amd64_microsoft.windows.common-controls_6595b64144ccf1df_6.0.22621.2506_none_270c5ae97388e100;C:\Program Files\Java\jdk-17\bin\server;C:\Users\Mwakalikamo\.gradle\native\e1d6ef7f7dcc3fd88c89a11ec53ec762bb8ba0a96d01ffa2cd45eb1d1d8dd5c5\windows-amd64

VM Arguments:
jvm_args: -Dorg.gradle.appname=gradlew 
java_command: org.gradle.wrapper.GradleWrapperMain -q -Ptarget-platform=android-arm64 -Ptarget=D:\PROJECTS\APP\mkulima_connect\lib\main.dart -Pbase-application-name=android.app.Application -Pdart-defines=RkxVVFRFUl9XRUJfQVVUT19ERVRFQ1Q9dHJ1ZQ==,RkxVVFRFUl9XRUJfQ0FOVkFTS0lUX1VSTD1odHRwczovL3d3dy5nc3RhdGljLmNvbS9mbHV0dGVyLWNhbnZhc2tpdC9hNzk0Y2YyNjgxYzZjOWZlN2IyNjBlMGU4NGRlOTYyOThkYzljMThiLw== -Pdart-obfuscation=false -Ptrack-widget-creation=true -Ptree-shake-icons=false -Pfilesystem-scheme=org-dartlang-root assembleRelease
java_class_path (initial): D:\PROJECTS\APP\mkulima_connect\android\\gradle\wrapper\gradle-wrapper.jar
Launcher Type: SUN_STANDARD

[Global flags]
     intx CICompilerCount                          = 4                                         {product} {ergonomic}
     uint ConcGCThreads                            = 2                                         {product} {ergonomic}
     uint G1ConcRefinementThreads                  = 8                                         {product} {ergonomic}
   size_t G1HeapRegionSize                         = 2097152                                   {product} {ergonomic}
    uintx GCDrainStackTargetSize                   = 64                                        {product} {ergonomic}
   size_t InitialHeapSize                          = 268435456                                 {product} {ergonomic}
   size_t MarkStackSize                            = 4194304                                   {product} {ergonomic}
   size_t MaxHeapSize                              = 4263510016                                {product} {ergonomic}
   size_t MaxNewSize                               = 2556428288                                {product} {ergonomic}
   size_t MinHeapDeltaBytes                        = 2097152                                   {product} {ergonomic}
   size_t MinHeapSize                              = 8388608                                   {product} {ergonomic}
    uintx NonNMethodCodeHeapSize                   = 5839372                                {pd product} {ergonomic}
    uintx NonProfiledCodeHeapSize                  = 122909434                              {pd product} {ergonomic}
    uintx ProfiledCodeHeapSize                     = 122909434                              {pd product} {ergonomic}
    uintx ReservedCodeCacheSize                    = 251658240                              {pd product} {ergonomic}
     bool SegmentedCodeCache                       = true                                      {product} {ergonomic}
   size_t SoftMaxHeapSize                          = 4263510016                             {manageable} {ergonomic}
     bool UseCompressedClassPointers               = true                           {product lp64_product} {ergonomic}
     bool UseCompressedOops                        = true                           {product lp64_product} {ergonomic}
     bool UseG1GC                                  = true                                      {product} {ergonomic}
     bool UseLargePagesIndividualAllocation        = false                                  {pd product} {ergonomic}

Logging:
Log output configuration:
 #0: stdout all=warning uptime,level,tags
 #1: stderr all=off uptime,level,tags

Environment Variables:
JAVA_HOME=C:\Program Files\Java\jdk-17
CLASSPATH=D:\PROJECTS\APP\mkulima_connect\android\\gradle\wrapper\gradle-wrapper.jar
PATH=C:\Program Files\Java\jdk-17\bin;C:\src\flutter\bin\;C:\Program Files (x86)\VMware\VMware Player\bin\;C:\Python312\Scripts\;C:\Python312\;C:\Program Files\Common Files\Oracle\Java\javapath;C:\WINDOWS\system32;C:\WINDOWS;C:\WINDOWS\System32\Wbem;C:\WINDOWS\System32\WindowsPowerShell\v1.0\;C:\WINDOWS\System32\OpenSSH\;C:\src\Android\SDK\cmdline-tools\tools\bin;C:\Program Files\Java\jdk-17;C:\src\flutter\bin;C:\Program Files\nodejs\;C:\ProgramData\chocolatey\bin;C:\Users\Mwakalikamo\AppData\Local\Pub\Cache\bin;C:\Program Files\Git\cmd;C:\Users\Mwakalikamo\AppData\Local\Microsoft\WindowsApps;C:\Users\Mwakalikamo\AppData\Local\Programs\Microsoft VS Code\bin;C:\src\flutter\bin;C:\src\Android\SDK\cmdline-tools\tools\bin;C:\Program Files\Java\jdk-17;C:\MinGW\bin;C:\Users\Mwakalikamo\AppData\Roaming\npm;C:\Program Files (x86)\Sophos\Sophos SSL VPN Client\bin;C:\Program Files\Java\jdk-17\bin;;C:\src\flutter\bin\mingit\cmd
USERNAME=Mwakalikamo
LANG=en_US.UTF-8
OS=Windows_NT
PROCESSOR_IDENTIFIER=Intel64 Family 6 Model 142 Stepping 11, GenuineIntel



---------------  S Y S T E M  ---------------

OS:
 Windows 11 , 64 bit Build 22621 (10.0.22621.2506)
OS uptime: 4 days 21:52 hours
Hyper-V role detected

CPU: total 8 (initial active 8) (4 cores per cpu, 2 threads per core) family 6 model 142 stepping 11 microcode 0xec, cx8, cmov, fxsr, ht, mmx, 3dnowpref, sse, sse2, sse3, ssse3, sse4.1, sse4.2, popcnt, lzcnt, tsc, tscinvbit, avx, avx2, aes, erms, clmul, bmi1, bmi2, adx, fma, vzeroupper, clflush, clflushopt, hv

Memory: 4k page, system-wide physical 16263M (598M free)
TotalPageFile size 65415M (AvailPageFile size 0M)
current process WorkingSet (physical memory assigned to process): 95M, peak: 96M
current process commit charge ("private bytes"): 365M, peak: 367M

vm_info: Java HotSpot(TM) 64-Bit Server VM (17.0.9+11-LTS-201) for windows-amd64 JRE (17.0.9+11-LTS-201), built on Oct 10 2023 23:16:06 by "mach5one" with MS VC++ 17.1 (VS2022)

END.
