#
# There is insufficient memory for the Java Runtime Environment to continue.
# Native memory allocation (mmap) failed to map 266338304 bytes for G1 virtual space
# Possible reasons:
#   The system is out of physical RAM or swap space
#   The process is running with CompressedOops enabled, and the Java Heap may be blocking the growth of the native heap
# Possible solutions:
#   Reduce memory load on the system
#   Increase physical memory or swap space
#   Check if swap backing store is full
#   Decrease Java heap size (-Xmx/-Xms)
#   Decrease number of Java threads
#   Decrease Java thread stack sizes (-Xss)
#   Set larger code cache with -XX:ReservedCodeCacheSize=
#   JVM is running with Zero Based Compressed Oops mode in which the Java heap is
#     placed in the first 32GB address space. The Java Heap base address is the
#     maximum limit for the native heap growth. Please use -XX:HeapBaseMinAddress
#     to set the Java Heap base and to place the Java Heap above 32GB virtual address.
# This output file may be truncated or incomplete.
#
#  Out of Memory Error (os_windows.cpp:3552), pid=12832, tid=8760
#
# JRE version:  (17.0.9+11) (build )
# Java VM: Java HotSpot(TM) 64-Bit Server VM (17.0.9+11-LTS-201, mixed mode, sharing, tiered, compressed oops, compressed class ptrs, g1 gc, windows-amd64)
# No core dump will be written. Minidumps are not enabled by default on client versions of Windows
#

---------------  S U M M A R Y ------------

Command Line: -Dorg.gradle.appname=gradlew org.gradle.wrapper.GradleWrapperMain -q -Ptarget-platform=android-arm64 -Ptarget=D:\PROJECTS\APP\mkulima_connect\lib\main.dart -Pbase-application-name=android.app.Application -Pdart-defines=RkxVVFRFUl9XRUJfQVVUT19ERVRFQ1Q9dHJ1ZQ==,RkxVVFRFUl9XRUJfQ0FOVkFTS0lUX1VSTD1odHRwczovL3d3dy5nc3RhdGljLmNvbS9mbHV0dGVyLWNhbnZhc2tpdC9hNzk0Y2YyNjgxYzZjOWZlN2IyNjBlMGU4NGRlOTYyOThkYzljMThiLw== -Pdart-obfuscation=false -Ptrack-widget-creation=true -Ptree-shake-icons=false -Pfilesystem-scheme=org-dartlang-root assembleRelease

Host: Intel(R) Core(TM) i5-8265U CPU @ 1.60GHz, 8 cores, 15G,  Windows 11 , 64 bit Build 22621 (10.0.22621.2428)
Time: Thu Dec 21 18:53:54 2023 E. Africa Standard Time elapsed time: 0.015039 seconds (0d 0h 0m 0s)

---------------  T H R E A D  ---------------

Current thread (0x000002096e9fa770):  JavaThread "Unknown thread" [_thread_in_vm, id=8760, stack(0x000000a03e100000,0x000000a03e200000)]

Stack: [0x000000a03e100000,0x000000a03e200000]
Native frames: (J=compiled Java code, j=interpreted, Vv=VM code, C=native code)
V  [jvm.dll+0x678a4a]
V  [jvm.dll+0x7d9cfd]
V  [jvm.dll+0x7db60e]
V  [jvm.dll+0x7dbc73]
V  [jvm.dll+0x245e1f]
V  [jvm.dll+0x6758f9]
V  [jvm.dll+0x66a2a2]
V  [jvm.dll+0x303686]
V  [jvm.dll+0x30ac06]
V  [jvm.dll+0x35a48e]
V  [jvm.dll+0x35a6bf]
V  [jvm.dll+0x2da678]
V  [jvm.dll+0x2db5e4]
V  [jvm.dll+0x7ab6b1]
V  [jvm.dll+0x368041]
V  [jvm.dll+0x78a749]
V  [jvm.dll+0x3ebd4f]
V  [jvm.dll+0x3ed7d1]
C  [jli.dll+0x5297]
C  [ucrtbase.dll+0x29363]
C  [KERNEL32.DLL+0x1257d]
C  [ntdll.dll+0x5aa78]


---------------  P R O C E S S  ---------------

Threads class SMR info:
_java_thread_list=0x00007fff6f9689d8, length=0, elements={
}

Java Threads: ( => current thread )

Other Threads:
  0x0000020970c48b40 GCTaskThread "GC Thread#0" [stack: 0x000000a03e200000,0x000000a03e300000] [id=23084]
  0x0000020970c59890 ConcurrentGCThread "G1 Main Marker" [stack: 0x000000a03e300000,0x000000a03e400000] [id=20276]
  0x0000020970c5a2a0 ConcurrentGCThread "G1 Conc#0" [stack: 0x000000a03e400000,0x000000a03e500000] [id=16156]

[error occurred during error reporting (printing all threads), id 0xc0000005, EXCEPTION_ACCESS_VIOLATION (0xc0000005) at pc=0x00007fff6f19b2d7]

VM state: not at safepoint (not fully initialized)

VM Mutex/Monitor currently owned by a thread:  ([mutex/lock_event])
[0x0000020970bdca60] Heap_lock - owner thread: 0x000002096e9fa770

Heap address: 0x0000000702000000, size: 4064 MB, Compressed Oops mode: Zero based, Oop shift amount: 3

CDS archive(s) mapped at: [0x0000000000000000-0x0000000000000000-0x0000000000000000), size 0, SharedBaseAddress: 0x0000000800000000, ArchiveRelocationMode: 1.
Narrow klass base: 0x0000000000000000, Narrow klass shift: 0, Narrow klass range: 0x0

GC Precious Log:
<Empty>

Heap:
 garbage-first heap   total 0K, used 0K [0x0000000702000000, 0x0000000800000000)
  region size 2048K, 0 young (0K), 0 survivors (0K)

[error occurred during error reporting (printing heap information), id 0xc0000005, EXCEPTION_ACCESS_VIOLATION (0xc0000005) at pc=0x00007fff6f582229]

GC Heap History (0 events):
No events

Deoptimization events (0 events):
No events

Classes unloaded (0 events):
No events

Classes redefined (0 events):
No events

Internal exceptions (0 events):
No events

VM Operations (0 events):
No events

Events (1 events):
Event: 0.007 Loaded shared library C:\Program Files\Java\jdk-17\bin\java.dll


Dynamic libraries:
0x00007ff654220000 - 0x00007ff654230000 	C:\Program Files\Java\jdk-17\bin\java.exe
0x00007fffe7450000 - 0x00007fffe7667000 	C:\WINDOWS\SYSTEM32\ntdll.dll
0x00007fffe60b0000 - 0x00007fffe6174000 	C:\WINDOWS\System32\KERNEL32.DLL
0x00007fffe4a30000 - 0x00007fffe4dd6000 	C:\WINDOWS\System32\KERNELBASE.dll
0x00007fffe4de0000 - 0x00007fffe4ef1000 	C:\WINDOWS\System32\ucrtbase.dll
0x00007fffad570000 - 0x00007fffad589000 	C:\Program Files\Java\jdk-17\bin\jli.dll
0x00007fffbd010000 - 0x00007fffbd02b000 	C:\Program Files\Java\jdk-17\bin\VCRUNTIME140.dll
0x00007fffe71e0000 - 0x00007fffe7290000 	C:\WINDOWS\System32\ADVAPI32.dll
0x00007fffe7070000 - 0x00007fffe7117000 	C:\WINDOWS\System32\msvcrt.dll
0x00007fffe5bf0000 - 0x00007fffe5c96000 	C:\WINDOWS\System32\sechost.dll
0x00007fffe7290000 - 0x00007fffe73a7000 	C:\WINDOWS\System32\RPCRT4.dll
0x00007fffe59c0000 - 0x00007fffe5b6d000 	C:\WINDOWS\System32\USER32.dll
0x00007fffcb280000 - 0x00007fffcb513000 	C:\WINDOWS\WinSxS\amd64_microsoft.windows.common-controls_6595b64144ccf1df_6.0.22621.2361_none_2712ced57382f843\COMCTL32.dll
0x00007fffe5150000 - 0x00007fffe5176000 	C:\WINDOWS\System32\win32u.dll
0x00007fffe5990000 - 0x00007fffe59b9000 	C:\WINDOWS\System32\GDI32.dll
0x00007fffe5030000 - 0x00007fffe5148000 	C:\WINDOWS\System32\gdi32full.dll
0x00007fffe4990000 - 0x00007fffe4a2a000 	C:\WINDOWS\System32\msvcp_win.dll
0x00007fffdc520000 - 0x00007fffdc52a000 	C:\WINDOWS\SYSTEM32\VERSION.dll
0x00007fffe5d20000 - 0x00007fffe5d51000 	C:\WINDOWS\System32\IMM32.DLL
0x00007fffc5590000 - 0x00007fffc559c000 	C:\Program Files\Java\jdk-17\bin\vcruntime140_1.dll
0x00007fff6faa0000 - 0x00007fff6fb2e000 	C:\Program Files\Java\jdk-17\bin\msvcp140.dll
0x00007fff6eeb0000 - 0x00007fff6fa91000 	C:\Program Files\Java\jdk-17\bin\server\jvm.dll
0x00007fffe71d0000 - 0x00007fffe71d8000 	C:\WINDOWS\System32\PSAPI.DLL
0x00007fffc38b0000 - 0x00007fffc38b9000 	C:\WINDOWS\SYSTEM32\WSOCK32.dll
0x00007fffdd440000 - 0x00007fffdd474000 	C:\WINDOWS\SYSTEM32\WINMM.dll
0x00007fffe5ca0000 - 0x00007fffe5d11000 	C:\WINDOWS\System32\WS2_32.dll
0x00007fffe37b0000 - 0x00007fffe37c8000 	C:\WINDOWS\SYSTEM32\kernel.appcore.dll
0x00007fffc33b0000 - 0x00007fffc33ba000 	C:\Program Files\Java\jdk-17\bin\jimage.dll
0x00007fffd9710000 - 0x00007fffd993e000 	C:\WINDOWS\SYSTEM32\DBGHELP.DLL
0x00007fffe5180000 - 0x00007fffe550a000 	C:\WINDOWS\System32\combase.dll
0x00007fffe6340000 - 0x00007fffe6417000 	C:\WINDOWS\System32\OLEAUT32.dll
0x00007fffc7230000 - 0x00007fffc7262000 	C:\WINDOWS\SYSTEM32\dbgcore.DLL
0x00007fffe4910000 - 0x00007fffe498a000 	C:\WINDOWS\System32\bcryptPrimitives.dll
0x00007fffbd850000 - 0x00007fffbd875000 	C:\Program Files\Java\jdk-17\bin\java.dll

dbghelp: loaded successfully - version: 4.0.5 - missing functions: none
symbol engine: initialized successfully - sym options: 0x614 - pdb path: .;C:\Program Files\Java\jdk-17\bin;C:\WINDOWS\SYSTEM32;C:\WINDOWS\WinSxS\amd64_microsoft.windows.common-controls_6595b64144ccf1df_6.0.22621.2361_none_2712ced57382f843;C:\Program Files\Java\jdk-17\bin\server

VM Arguments:
jvm_args: -Dorg.gradle.appname=gradlew 
java_command: org.gradle.wrapper.GradleWrapperMain -q -Ptarget-platform=android-arm64 -Ptarget=D:\PROJECTS\APP\mkulima_connect\lib\main.dart -Pbase-application-name=android.app.Application -Pdart-defines=RkxVVFRFUl9XRUJfQVVUT19ERVRFQ1Q9dHJ1ZQ==,RkxVVFRFUl9XRUJfQ0FOVkFTS0lUX1VSTD1odHRwczovL3d3dy5nc3RhdGljLmNvbS9mbHV0dGVyLWNhbnZhc2tpdC9hNzk0Y2YyNjgxYzZjOWZlN2IyNjBlMGU4NGRlOTYyOThkYzljMThiLw== -Pdart-obfuscation=false -Ptrack-widget-creation=true -Ptree-shake-icons=false -Pfilesystem-scheme=org-dartlang-root assembleRelease
java_class_path (initial): D:\PROJECTS\APP\mkulima_connect\android\\gradle\wrapper\gradle-wrapper.jar
Launcher Type: SUN_STANDARD

[Global flags]
     intx CICompilerCount                          = 4                                         {product} {ergonomic}
     uint ConcGCThreads                            = 2                                         {product} {ergonomic}
     uint G1ConcRefinementThreads                  = 8                                         {product} {ergonomic}
   size_t G1HeapRegionSize                         = 2097152                                   {product} {ergonomic}
    uintx GCDrainStackTargetSize                   = 64                                        {product} {ergonomic}
   size_t InitialHeapSize                          = 266338304                                 {product} {ergonomic}
   size_t MarkStackSize                            = 4194304                                   {product} {ergonomic}
   size_t MaxHeapSize                              = 4261412864                                {product} {ergonomic}
   size_t MinHeapDeltaBytes                        = 2097152                                   {product} {ergonomic}
   size_t MinHeapSize                              = 8388608                                   {product} {ergonomic}
    uintx NonNMethodCodeHeapSize                   = 5839372                                {pd product} {ergonomic}
    uintx NonProfiledCodeHeapSize                  = 122909434                              {pd product} {ergonomic}
    uintx ProfiledCodeHeapSize                     = 122909434                              {pd product} {ergonomic}
    uintx ReservedCodeCacheSize                    = 251658240                              {pd product} {ergonomic}
     bool SegmentedCodeCache                       = true                                      {product} {ergonomic}
   size_t SoftMaxHeapSize                          = 4261412864                             {manageable} {ergonomic}
     bool UseCompressedClassPointers               = true                           {product lp64_product} {ergonomic}
     bool UseCompressedOops                        = true                           {product lp64_product} {ergonomic}
     bool UseG1GC                                  = true                                      {product} {ergonomic}
     bool UseLargePagesIndividualAllocation        = false                                  {pd product} {ergonomic}

Logging:
Log output configuration:
 #0: stdout all=warning uptime,level,tags
 #1: stderr all=off uptime,level,tags

Environment Variables:
JAVA_HOME=C:\Program Files\Java\jdk-17
CLASSPATH=D:\PROJECTS\APP\mkulima_connect\android\\gradle\wrapper\gradle-wrapper.jar
PATH=C:\Program Files\Java\jdk-17\bin;C:\src\flutter\bin\;C:\Python312\Scripts\;C:\Python312\;C:\Program Files\Common Files\Oracle\Java\javapath;C:\WINDOWS\system32;C:\WINDOWS;C:\WINDOWS\System32\Wbem;C:\WINDOWS\System32\WindowsPowerShell\v1.0\;C:\WINDOWS\System32\OpenSSH\;C:\Program Files\Git\cmd;C:\src\Android\SDK\cmdline-tools\tools\bin;C:\Program Files\Java\jdk-17;C:\src\flutter\bin;C:\Program Files\nodejs\;C:\ProgramData\chocolatey\bin;C:\Users\Mwakalikamo\AppData\Local\Pub\Cache\bin;C:\Users\Mwakalikamo\AppData\Local\Microsoft\WindowsApps;C:\Users\Mwakalikamo\AppData\Local\Programs\Microsoft VS Code\bin;C:\src\flutter\bin;C:\src\Android\SDK\cmdline-tools\tools\bin;C:\Program Files\Java\jdk-17;C:\MinGW\bin;C:\Users\Mwakalikamo\AppData\Roaming\npm;C:\src\flutter\bin\mingit\cmd
USERNAME=Mwakalikamo
LANG=en_US.UTF-8
OS=Windows_NT
PROCESSOR_IDENTIFIER=Intel64 Family 6 Model 142 Stepping 11, GenuineIntel



---------------  S Y S T E M  ---------------

OS:
 Windows 11 , 64 bit Build 22621 (10.0.22621.2428)
OS uptime: 0 days 7:19 hours
Hyper-V role detected

CPU: total 8 (initial active 8) (4 cores per cpu, 2 threads per core) family 6 model 142 stepping 11 microcode 0xec, cx8, cmov, fxsr, ht, mmx, 3dnowpref, sse, sse2, sse3, ssse3, sse4.1, sse4.2, popcnt, lzcnt, tsc, tscinvbit, avx, avx2, aes, erms, clmul, bmi1, bmi2, adx, fma, vzeroupper, clflush, clflushopt, hv

Memory: 4k page, system-wide physical 16254M (1855M free)
TotalPageFile size 42565M (AvailPageFile size 80M)
current process WorkingSet (physical memory assigned to process): 11M, peak: 11M
current process commit charge ("private bytes"): 60M, peak: 314M

vm_info: Java HotSpot(TM) 64-Bit Server VM (17.0.9+11-LTS-201) for windows-amd64 JRE (17.0.9+11-LTS-201), built on Oct 10 2023 23:16:06 by "mach5one" with MS VC++ 17.1 (VS2022)

END.
